2025-11-28 10:51:53.356 [info] Reading sessions from keychain...
2025-11-28 10:51:53.356 [info] Getting sessions for all scopes...
2025-11-28 10:51:53.356 [info] Got 0 sessions for ...
2025-11-28 10:51:53.356 [info] Getting sessions for all scopes...
2025-11-28 10:51:53.356 [info] Got 0 sessions for ...
2025-11-28 10:51:53.356 [info] Getting sessions for all scopes...
2025-11-28 10:51:53.356 [info] Got 0 sessions for ...
2025-11-28 10:51:53.356 [info] Getting sessions for all scopes...
2025-11-28 10:51:53.356 [info] Got 0 sessions for ...
2025-11-28 10:51:53.356 [info] Getting sessions for all scopes...
2025-11-28 10:51:53.356 [info] Got 0 sessions for ...
2025-11-28 10:51:53.356 [info] Getting sessions for all scopes...
2025-11-28 10:51:53.356 [info] Got 0 sessions for ...
2025-11-28 10:51:53.356 [info] Getting sessions for all scopes...
2025-11-28 10:51:53.356 [info] Got 0 sessions for ...
2025-11-28 10:51:53.356 [info] Getting sessions for all scopes...
2025-11-28 10:51:53.356 [info] Got 0 sessions for ...
2025-11-28 10:51:53.356 [info] Getting sessions for all scopes...
2025-11-28 10:51:53.356 [info] Got 0 sessions for ...
2025-11-28 10:51:53.356 [info] Getting sessions for all scopes...
2025-11-28 10:51:53.356 [info] Got 0 sessions for ...
2025-11-28 10:51:53.356 [info] Getting sessions for all scopes...
2025-11-28 10:51:53.356 [info] Got 0 sessions for ...
2025-11-28 10:51:53.356 [info] Getting sessions for all scopes...
2025-11-28 10:51:53.356 [info] Got 0 sessions for ...
2025-11-28 10:51:53.356 [info] Getting sessions for all scopes...
2025-11-28 10:51:53.356 [info] Got 0 sessions for ...
2025-11-28 10:51:53.356 [info] Getting sessions for all scopes...
2025-11-28 10:51:53.356 [info] Got 0 sessions for ...
2025-11-28 10:51:56.759 [info] Getting sessions for all scopes...
2025-11-28 10:51:56.793 [info] Got 0 sessions for ...
2025-11-28 10:52:07.828 [info] Getting sessions for all scopes...
2025-11-28 10:52:07.828 [info] Got 0 sessions for ...
2025-11-28 10:52:16.231 [info] Logging in with google,  'any' account...
2025-11-28 10:52:16.231 [info] Logging in for the following scopes: user:email
2025-11-28 10:52:16.582 [info] Trying with local server... (user:email)
2025-11-28 10:52:59.943 [info] Exchanging code for token...
2025-11-28 10:53:01.541 [info] Token exchange success!
2025-11-28 10:53:01.544 [info] Getting user info...
2025-11-28 10:53:02.259 [info] Got account info!
2025-11-28 10:53:02.260 [info] Storing 1 sessions...
2025-11-28 10:53:04.774 [info] FetcherService: Electron fetch failed with status: 429 
2025-11-28 10:53:05.476 [info] FetcherService: Node fetch failed with status: 429 Too Many Requests
2025-11-28 10:53:06.101 [info] FetcherService: Node http/s failed with status: 429 Too Many Requests
2025-11-28 10:53:07.771 [info] Reading sessions from keychain...
2025-11-28 10:53:07.773 [info] Stored 1 sessions!
2025-11-28 10:53:07.776 [info] Login success!
2025-11-28 10:53:07.781 [info] Got stored sessions!
2025-11-28 10:53:07.781 [info] Got 1 verified sessions.
2025-11-28 10:53:07.783 [info] Getting sessions for all scopes...
2025-11-28 10:53:07.783 [info] Got 1 sessions for ...
2025-11-28 10:53:07.787 [info] Getting sessions for all scopes...
2025-11-28 10:53:07.787 [info] Got 1 sessions for ...
2025-11-28 10:53:07.798 [info] Getting sessions for all scopes...
2025-11-28 10:53:07.798 [info] Got 1 sessions for ...
2025-11-28 10:53:43.917 [info] Getting sessions for all scopes...
2025-11-28 10:53:43.917 [info] Got 1 sessions for ...
2025-11-28 10:53:45.690 [info] Getting sessions for all scopes...
2025-11-28 10:53:45.691 [info] Got 1 sessions for ...
2025-11-28 10:53:50.056 [info] Getting sessions for read:user,repo,user:email,workflow...
2025-11-28 10:53:50.057 [info] Got 0 sessions for read:user,repo,user:email,workflow...
2025-11-28 10:53:50.058 [info] Getting sessions for all scopes...
2025-11-28 10:53:50.058 [info] Got 1 sessions for ...
2025-11-28 10:53:50.106 [info] Getting sessions for all scopes...
2025-11-28 10:53:50.108 [info] Got 1 sessions for ...
2025-11-28 10:53:50.117 [info] Getting sessions for read:user,repo,user:email,workflow...
2025-11-28 10:53:50.117 [info] Got 0 sessions for read:user,repo,user:email,workflow...
2025-11-28 10:53:50.132 [info] Getting sessions for user:email...
2025-11-28 10:53:50.132 [info] Got 1 sessions for user:email...
2025-11-28 10:53:50.134 [info] Getting sessions for read:user,repo,user:email,workflow...
2025-11-28 10:53:50.134 [info] Got 0 sessions for read:user,repo,user:email,workflow...
2025-11-28 10:53:50.143 [info] Getting sessions for read:user...
2025-11-28 10:53:50.143 [info] Got 0 sessions for read:user...
2025-11-28 10:53:50.165 [info] Getting sessions for user:email...
2025-11-28 10:53:50.166 [info] Got 1 sessions for user:email...
2025-11-28 10:53:50.219 [info] Getting sessions for all scopes...
2025-11-28 10:53:50.219 [info] Got 1 sessions for ...
2025-11-28 10:53:50.625 [info] Getting sessions for read:user,repo,user:email,workflow...
2025-11-28 10:53:50.625 [info] Got 0 sessions for read:user,repo,user:email,workflow...
2025-11-28 10:53:50.632 [info] Getting sessions for user:email...
2025-11-28 10:53:50.633 [info] Got 1 sessions for user:email...
2025-11-28 10:53:51.854 [info] Getting sessions for all scopes...
2025-11-28 10:53:51.854 [info] Got 1 sessions for ...
2025-11-28 10:53:51.998 [info] Getting sessions for all scopes...
2025-11-28 10:53:51.998 [info] Got 1 sessions for ...
2025-11-28 10:53:53.148 [info] Getting sessions for read:user,repo,user:email,workflow...
2025-11-28 10:53:53.149 [info] Got 0 sessions for read:user,repo,user:email,workflow...
2025-11-28 10:53:54.662 [info] Getting sessions for user:email...
2025-11-28 10:53:54.662 [info] Got 1 sessions for user:email...
2025-11-28 10:53:54.662 [info] Getting sessions for read:user,repo,user:email,workflow...
2025-11-28 10:53:54.662 [info] Got 0 sessions for read:user,repo,user:email,workflow...
2025-11-28 10:53:55.054 [info] Getting sessions for all scopes...
2025-11-28 10:53:55.054 [info] Got 1 sessions for ...
2025-11-28 10:53:55.067 [info] Getting sessions for all scopes...
2025-11-28 10:53:55.067 [info] Got 1 sessions for ...
2025-11-28 10:53:55.069 [info] Getting sessions for all scopes...
2025-11-28 10:53:55.070 [info] Got 1 sessions for ...
2025-11-28 10:53:55.080 [info] Getting sessions for all scopes...
2025-11-28 10:53:55.080 [info] Got 1 sessions for ...
2025-11-28 10:53:55.091 [info] Getting sessions for read:user,repo,user:email,workflow...
2025-11-28 10:53:55.091 [info] Got 0 sessions for read:user,repo,user:email,workflow...
2025-11-28 10:53:55.094 [info] Getting sessions for user:email...
2025-11-28 10:53:55.094 [info] Got 1 sessions for user:email...
2025-11-28 10:53:55.094 [info] Getting sessions for read:user,repo,user:email,workflow...
2025-11-28 10:53:55.095 [info] Got 0 sessions for read:user,repo,user:email,workflow...
2025-11-28 10:54:28.364 [info] Reading sessions from keychain...
2025-11-28 10:54:28.364 [info] Got stored sessions!
2025-11-28 10:54:28.364 [info] Got 1 verified sessions.
2025-11-28 10:54:28.364 [info] Getting sessions for all scopes...
2025-11-28 10:54:28.364 [info] Got 1 sessions for ...
2025-11-28 10:54:28.364 [info] Getting sessions for all scopes...
2025-11-28 10:54:28.364 [info] Got 1 sessions for ...
2025-11-28 10:54:28.364 [info] Getting sessions for all scopes...
2025-11-28 10:54:28.364 [info] Got 1 sessions for ...
2025-11-28 10:54:28.364 [info] Getting sessions for all scopes...
2025-11-28 10:54:28.364 [info] Got 1 sessions for ...
2025-11-28 10:54:28.364 [info] Getting sessions for all scopes...
2025-11-28 10:54:28.364 [info] Got 1 sessions for ...
2025-11-28 10:54:28.364 [info] Getting sessions for all scopes...
2025-11-28 10:54:28.364 [info] Got 1 sessions for ...
2025-11-28 10:54:28.364 [info] Getting sessions for all scopes...
2025-11-28 10:54:28.364 [info] Got 1 sessions for ...
2025-11-28 10:54:28.364 [info] Getting sessions for all scopes...
2025-11-28 10:54:28.364 [info] Got 1 sessions for ...
2025-11-28 10:54:28.364 [info] Getting sessions for all scopes...
2025-11-28 10:54:28.364 [info] Got 1 sessions for ...
2025-11-28 10:54:28.364 [info] Getting sessions for all scopes...
2025-11-28 10:54:28.364 [info] Got 1 sessions for ...
2025-11-28 10:54:28.364 [info] Getting sessions for all scopes...
2025-11-28 10:54:28.365 [info] Got 1 sessions for ...
2025-11-28 10:54:28.365 [info] Getting sessions for all scopes...
2025-11-28 10:54:28.365 [info] Got 1 sessions for ...
2025-11-28 10:54:28.365 [info] Getting sessions for all scopes...
2025-11-28 10:54:28.365 [info] Got 1 sessions for ...
2025-11-28 10:54:28.365 [info] Getting sessions for all scopes...
2025-11-28 10:54:28.365 [info] Got 1 sessions for ...
2025-11-28 10:54:28.365 [info] Getting sessions for all scopes...
2025-11-28 10:54:28.365 [info] Got 1 sessions for ...
2025-11-28 10:54:28.365 [info] Getting sessions for all scopes...
2025-11-28 10:54:28.365 [info] Got 1 sessions for ...
2025-11-28 10:54:28.365 [info] Getting sessions for all scopes...
2025-11-28 10:54:28.365 [info] Got 1 sessions for ...
2025-11-28 10:54:28.582 [info] Getting sessions for read:user,repo,user:email,workflow...
2025-11-28 10:54:28.582 [info] Got 0 sessions for read:user,repo,user:email,workflow...
2025-11-28 10:54:28.672 [info] Getting sessions for user:email...
2025-11-28 10:54:28.673 [info] Got 1 sessions for user:email...
2025-11-28 10:54:28.677 [info] Getting sessions for read:user,repo,user:email,workflow...
2025-11-28 10:54:28.677 [info] Got 0 sessions for read:user,repo,user:email,workflow...
2025-11-28 10:54:28.843 [info] FetcherService: Electron fetch failed with status: 429 
2025-11-28 10:54:29.606 [info] Getting sessions for all scopes...
2025-11-28 10:54:29.606 [info] Got 1 sessions for ...
2025-11-28 10:54:29.608 [info] Getting sessions for read:user,repo,user:email,workflow...
2025-11-28 10:54:29.608 [info] Got 0 sessions for read:user,repo,user:email,workflow...
2025-11-28 10:54:29.610 [info] Getting sessions for user:email...
2025-11-28 10:54:29.610 [info] Got 1 sessions for user:email...
2025-11-28 10:54:29.762 [info] FetcherService: Node fetch failed with status: 429 Too Many Requests
2025-11-28 10:54:30.094 [info] Getting sessions for all scopes...
2025-11-28 10:54:30.095 [info] Got 1 sessions for ...
2025-11-28 10:54:30.110 [info] Getting sessions for all scopes...
2025-11-28 10:54:30.111 [info] Got 1 sessions for ...
2025-11-28 10:54:30.111 [info] Getting sessions for all scopes...
2025-11-28 10:54:30.111 [info] Got 1 sessions for ...
2025-11-28 10:54:30.111 [info] Getting sessions for all scopes...
2025-11-28 10:54:30.111 [info] Got 1 sessions for ...
2025-11-28 10:54:30.116 [info] Getting sessions for read:user,repo,user:email,workflow...
2025-11-28 10:54:30.116 [info] Got 0 sessions for read:user,repo,user:email,workflow...
2025-11-28 10:54:30.119 [info] Getting sessions for user:email...
2025-11-28 10:54:30.119 [info] Got 1 sessions for user:email...
2025-11-28 10:54:30.120 [info] Getting sessions for read:user,repo,user:email,workflow...
2025-11-28 10:54:30.120 [info] Got 0 sessions for read:user,repo,user:email,workflow...
2025-11-28 10:54:31.511 [info] FetcherService: Node http/s failed with status: 429 Too Many Requests
2025-11-28 10:54:31.570 [info] Getting sessions for all scopes...
2025-11-28 10:54:31.570 [info] Got 1 sessions for ...
2025-11-28 10:54:31.571 [info] Getting sessions for all scopes...
2025-11-28 10:54:31.572 [info] Got 1 sessions for ...
2025-11-28 10:54:31.643 [info] Getting sessions for read:user,repo,user:email,workflow...
2025-11-28 10:54:31.643 [info] Got 0 sessions for read:user,repo,user:email,workflow...
2025-11-28 10:54:31.678 [info] Getting sessions for user:email...
2025-11-28 10:54:31.678 [info] Got 1 sessions for user:email...
2025-11-28 10:54:31.679 [info] Getting sessions for read:user,repo,user:email,workflow...
2025-11-28 10:54:31.679 [info] Got 0 sessions for read:user,repo,user:email,workflow...
2025-11-28 10:54:32.432 [info] Getting sessions for all scopes...
2025-11-28 10:54:32.432 [info] Got 1 sessions for ...
2025-11-28 10:54:32.460 [info] Getting sessions for all scopes...
2025-11-28 10:54:32.460 [info] Got 1 sessions for ...
2025-11-28 10:54:32.498 [info] Getting sessions for all scopes...
2025-11-28 10:54:32.498 [info] Got 1 sessions for ...
2025-11-28 10:54:32.555 [info] Getting sessions for all scopes...
2025-11-28 10:54:32.556 [info] Got 1 sessions for ...
2025-11-28 10:54:32.565 [info] Getting sessions for read:user,repo,user:email,workflow...
2025-11-28 10:54:32.565 [info] Got 0 sessions for read:user,repo,user:email,workflow...
2025-11-28 10:54:32.666 [info] Getting sessions for user:email...
2025-11-28 10:54:32.666 [info] Got 1 sessions for user:email...
2025-11-28 10:54:32.667 [info] Getting sessions for read:user,repo,user:email,workflow...
2025-11-28 10:54:32.667 [info] Got 0 sessions for read:user,repo,user:email,workflow...
2025-11-28 10:54:32.683 [info] Getting sessions for all scopes...
2025-11-28 10:54:32.684 [info] Got 1 sessions for ...
2025-11-28 10:54:32.690 [info] Getting sessions for read:user,repo,user:email,workflow...
2025-11-28 10:54:32.690 [info] Got 0 sessions for read:user,repo,user:email,workflow...
2025-11-28 10:54:32.699 [info] Getting sessions for user:email...
2025-11-28 10:54:32.699 [info] Got 1 sessions for user:email...
2025-11-28 11:03:34.319 [info] Reading sessions from keychain...
2025-11-28 11:03:34.319 [info] Getting sessions for all scopes...
2025-11-28 11:03:34.319 [info] Got stored sessions!
2025-11-28 11:03:34.319 [info] Got 1 verified sessions.
2025-11-28 11:03:34.319 [info] Got 1 sessions for ...
2025-11-28 11:03:34.319 [info] Getting sessions for all scopes...
2025-11-28 11:03:34.319 [info] Got 1 sessions for ...
2025-11-28 11:03:34.319 [info] Getting sessions for all scopes...
2025-11-28 11:03:34.319 [info] Got 1 sessions for ...
2025-11-28 11:03:34.319 [info] Getting sessions for all scopes...
2025-11-28 11:03:34.319 [info] Got 1 sessions for ...
2025-11-28 11:03:34.319 [info] Getting sessions for all scopes...
2025-11-28 11:03:34.319 [info] Got 1 sessions for ...
2025-11-28 11:03:34.319 [info] Getting sessions for all scopes...
2025-11-28 11:03:34.319 [info] Got 1 sessions for ...
2025-11-28 11:03:34.319 [info] Getting sessions for all scopes...
2025-11-28 11:03:34.319 [info] Got 1 sessions for ...
2025-11-28 11:03:34.319 [info] Getting sessions for all scopes...
2025-11-28 11:03:34.319 [info] Got 1 sessions for ...
2025-11-28 11:03:34.319 [info] Getting sessions for all scopes...
2025-11-28 11:03:34.319 [info] Got 1 sessions for ...
2025-11-28 11:03:34.365 [info] Getting sessions for all scopes...
2025-11-28 11:03:34.365 [info] Got 1 sessions for ...
2025-11-28 11:03:34.367 [info] Getting sessions for all scopes...
2025-11-28 11:03:34.367 [info] Got 1 sessions for ...
2025-11-28 11:03:34.368 [info] Getting sessions for all scopes...
2025-11-28 11:03:34.368 [info] Got 1 sessions for ...
2025-11-28 11:03:34.369 [info] Getting sessions for all scopes...
2025-11-28 11:03:34.369 [info] Got 1 sessions for ...
2025-11-28 11:03:34.371 [info] Getting sessions for all scopes...
2025-11-28 11:03:34.372 [info] Got 1 sessions for ...
2025-11-28 11:03:36.169 [info] FetcherService: Electron fetch failed with status: 429 
2025-11-28 11:03:36.609 [info] Getting sessions for all scopes...
2025-11-28 11:03:36.609 [info] Got 1 sessions for ...
2025-11-28 11:03:37.156 [info] FetcherService: Node fetch failed with status: 429 Too Many Requests
2025-11-28 11:03:37.242 [info] Getting sessions for all scopes...
2025-11-28 11:03:37.242 [info] Got 1 sessions for ...
2025-11-28 11:03:37.848 [info] FetcherService: Node http/s failed with status: 429 Too Many Requests
2025-11-28 11:03:56.835 [info] Reading sessions from keychain...
2025-11-28 11:03:56.835 [info] Got stored sessions!
2025-11-28 11:03:56.835 [info] Got 1 verified sessions.
2025-11-28 11:03:56.835 [info] Getting sessions for all scopes...
2025-11-28 11:03:56.835 [info] Got 1 sessions for ...
2025-11-28 11:03:56.835 [info] Getting sessions for all scopes...
2025-11-28 11:03:56.835 [info] Got 1 sessions for ...
2025-11-28 11:03:56.835 [info] Getting sessions for all scopes...
2025-11-28 11:03:56.835 [info] Got 1 sessions for ...
2025-11-28 11:03:56.835 [info] Getting sessions for all scopes...
2025-11-28 11:03:56.835 [info] Got 1 sessions for ...
2025-11-28 11:03:56.835 [info] Getting sessions for all scopes...
2025-11-28 11:03:56.835 [info] Got 1 sessions for ...
2025-11-28 11:03:56.835 [info] Getting sessions for all scopes...
2025-11-28 11:03:56.835 [info] Got 1 sessions for ...
2025-11-28 11:03:56.835 [info] Getting sessions for all scopes...
2025-11-28 11:03:56.835 [info] Got 1 sessions for ...
2025-11-28 11:03:56.835 [info] Getting sessions for all scopes...
2025-11-28 11:03:56.835 [info] Got 1 sessions for ...
2025-11-28 11:03:56.835 [info] Getting sessions for all scopes...
2025-11-28 11:03:56.835 [info] Got 1 sessions for ...
2025-11-28 11:03:56.835 [info] Getting sessions for all scopes...
2025-11-28 11:03:56.835 [info] Got 1 sessions for ...
2025-11-28 11:03:56.835 [info] Getting sessions for all scopes...
2025-11-28 11:03:56.835 [info] Got 1 sessions for ...
2025-11-28 11:03:56.835 [info] Getting sessions for all scopes...
2025-11-28 11:03:56.835 [info] Got 1 sessions for ...
2025-11-28 11:03:56.835 [info] Getting sessions for all scopes...
2025-11-28 11:03:56.835 [info] Got 1 sessions for ...
2025-11-28 11:03:56.835 [info] Getting sessions for all scopes...
2025-11-28 11:03:56.835 [info] Got 1 sessions for ...
2025-11-28 11:03:56.835 [info] Getting sessions for all scopes...
2025-11-28 11:03:56.835 [info] Got 1 sessions for ...
2025-11-28 11:03:56.835 [info] Getting sessions for all scopes...
2025-11-28 11:03:56.835 [info] Got 1 sessions for ...
2025-11-28 11:03:56.835 [info] Getting sessions for all scopes...
2025-11-28 11:03:56.835 [info] Got 1 sessions for ...
2025-11-28 11:03:56.835 [info] Getting sessions for all scopes...
2025-11-28 11:03:56.835 [info] Got 1 sessions for ...
2025-11-28 11:03:57.851 [info] Getting sessions for read:user,repo,user:email,workflow...
2025-11-28 11:03:57.851 [info] Got 0 sessions for read:user,repo,user:email,workflow...
2025-11-28 11:03:57.868 [info] FetcherService: Electron fetch failed with status: 429 
2025-11-28 11:03:57.901 [info] Getting sessions for all scopes...
2025-11-28 11:03:57.901 [info] Got 1 sessions for ...
2025-11-28 11:03:58.005 [info] Getting sessions for all scopes...
2025-11-28 11:03:58.006 [info] Got 1 sessions for ...
2025-11-28 11:03:58.006 [info] Getting sessions for read:user,repo,user:email,workflow...
2025-11-28 11:03:58.006 [info] Got 0 sessions for read:user,repo,user:email,workflow...
2025-11-28 11:03:58.100 [info] Getting sessions for user:email...
2025-11-28 11:03:58.100 [info] Got 1 sessions for user:email...
2025-11-28 11:03:58.101 [info] Getting sessions for read:user,repo,user:email,workflow...
2025-11-28 11:03:58.101 [info] Got 0 sessions for read:user,repo,user:email,workflow...
2025-11-28 11:03:58.243 [info] Getting sessions for read:user...
2025-11-28 11:03:58.243 [info] Got 0 sessions for read:user...
2025-11-28 11:03:58.267 [info] Getting sessions for user:email...
2025-11-28 11:03:58.267 [info] Got 1 sessions for user:email...
2025-11-28 11:03:58.574 [info] Getting sessions for all scopes...
2025-11-28 11:03:58.574 [info] Got 1 sessions for ...
2025-11-28 11:03:58.576 [info] Getting sessions for read:user,repo,user:email,workflow...
2025-11-28 11:03:58.576 [info] Got 0 sessions for read:user,repo,user:email,workflow...
2025-11-28 11:03:58.578 [info] Getting sessions for user:email...
2025-11-28 11:03:58.578 [info] Got 1 sessions for user:email...
2025-11-28 11:03:58.820 [info] FetcherService: Node fetch failed with status: 429 Too Many Requests
2025-11-28 11:03:59.304 [info] Getting sessions for all scopes...
2025-11-28 11:03:59.304 [info] Got 1 sessions for ...
2025-11-28 11:03:59.670 [info] Getting sessions for all scopes...
2025-11-28 11:03:59.670 [info] Got 1 sessions for ...
2025-11-28 11:04:00.267 [info] Getting sessions for read:user,repo,user:email,workflow...
2025-11-28 11:04:00.267 [info] Got 0 sessions for read:user,repo,user:email,workflow...
2025-11-28 11:04:00.292 [info] FetcherService: Node http/s failed with status: 429 Too Many Requests
2025-11-28 11:04:00.343 [info] Getting sessions for user:email...
2025-11-28 11:04:00.343 [info] Got 1 sessions for user:email...
2025-11-28 11:04:00.344 [info] Getting sessions for read:user,repo,user:email,workflow...
2025-11-28 11:04:00.344 [info] Got 0 sessions for read:user,repo,user:email,workflow...
2025-11-28 11:04:00.628 [info] Getting sessions for all scopes...
2025-11-28 11:04:00.628 [info] Got 1 sessions for ...
2025-11-28 11:04:00.649 [info] Getting sessions for all scopes...
2025-11-28 11:04:00.649 [info] Got 1 sessions for ...
2025-11-28 11:04:00.663 [info] Getting sessions for all scopes...
2025-11-28 11:04:00.663 [info] Got 1 sessions for ...
2025-11-28 11:04:00.717 [info] Getting sessions for all scopes...
2025-11-28 11:04:00.717 [info] Got 1 sessions for ...
2025-11-28 11:04:00.876 [info] Getting sessions for read:user,repo,user:email,workflow...
2025-11-28 11:04:00.876 [info] Got 0 sessions for read:user,repo,user:email,workflow...
2025-11-28 11:04:00.880 [info] Getting sessions for user:email...
2025-11-28 11:04:00.880 [info] Got 1 sessions for user:email...
2025-11-28 11:04:00.882 [info] Getting sessions for read:user,repo,user:email,workflow...
2025-11-28 11:04:00.882 [info] Got 0 sessions for read:user,repo,user:email,workflow...
2025-11-28 11:04:00.911 [info] Getting sessions for all scopes...
2025-11-28 11:04:00.911 [info] Got 1 sessions for ...
2025-11-28 11:04:00.913 [info] Getting sessions for read:user,repo,user:email,workflow...
2025-11-28 11:04:00.913 [info] Got 0 sessions for read:user,repo,user:email,workflow...
2025-11-28 11:04:00.915 [info] Getting sessions for user:email...
2025-11-28 11:04:00.915 [info] Got 1 sessions for user:email...
2025-11-28 11:24:18.076 [info] Reading sessions from keychain...
2025-11-28 11:24:18.076 [info] Getting sessions for all scopes...
2025-11-28 11:24:18.228 [info] Got stored sessions!
2025-11-28 11:24:18.228 [info] Got 1 verified sessions.
2025-11-28 11:24:18.228 [info] Got 1 sessions for ...
2025-11-28 11:24:18.229 [info] Getting sessions for all scopes...
2025-11-28 11:24:18.229 [info] Got 1 sessions for ...
2025-11-28 11:24:18.229 [info] Getting sessions for all scopes...
2025-11-28 11:24:18.229 [info] Got 1 sessions for ...
2025-11-28 11:24:18.230 [info] Getting sessions for all scopes...
2025-11-28 11:24:18.230 [info] Got 1 sessions for ...
2025-11-28 11:24:18.230 [info] Getting sessions for all scopes...
2025-11-28 11:24:18.230 [info] Got 1 sessions for ...
2025-11-28 11:24:18.230 [info] Getting sessions for all scopes...
2025-11-28 11:24:18.231 [info] Got 1 sessions for ...
2025-11-28 11:24:18.231 [info] Getting sessions for all scopes...
2025-11-28 11:24:18.231 [info] Got 1 sessions for ...
2025-11-28 11:24:18.231 [info] Getting sessions for all scopes...
2025-11-28 11:24:18.231 [info] Got 1 sessions for ...
2025-11-28 11:24:18.231 [info] Getting sessions for all scopes...
2025-11-28 11:24:18.232 [info] Got 1 sessions for ...
2025-11-28 11:24:18.274 [info] Getting sessions for all scopes...
2025-11-28 11:24:18.275 [info] Got 1 sessions for ...
2025-11-28 11:24:18.276 [info] Getting sessions for all scopes...
2025-11-28 11:24:18.276 [info] Got 1 sessions for ...
2025-11-28 11:24:18.277 [info] Getting sessions for all scopes...
2025-11-28 11:24:18.277 [info] Got 1 sessions for ...
2025-11-28 11:24:18.277 [info] Getting sessions for all scopes...
2025-11-28 11:24:18.277 [info] Got 1 sessions for ...
2025-11-28 11:24:18.278 [info] Getting sessions for all scopes...
2025-11-28 11:24:18.278 [info] Got 1 sessions for ...
2025-11-28 11:24:18.314 [info] Getting sessions for all scopes...
2025-11-28 11:24:18.314 [info] Got 1 sessions for ...
2025-11-28 11:24:19.010 [info] Getting sessions for all scopes...
2025-11-28 11:24:19.010 [info] Got 1 sessions for ...
2025-11-28 11:24:19.397 [info] Getting sessions for all scopes...
2025-11-28 11:24:19.398 [info] Got 1 sessions for ...
2025-11-28 11:24:20.017 [info] FetcherService: Electron fetch failed with status: 429 
2025-11-28 11:24:24.323 [info] Getting sessions for all scopes...
2025-11-28 11:24:24.323 [info] Got 1 sessions for ...
2025-11-28 11:24:24.325 [info] Getting sessions for all scopes...
2025-11-28 11:24:24.325 [info] Got 1 sessions for ...
2025-11-28 11:24:24.589 [info] Getting sessions for read:user,repo,user:email,workflow...
2025-11-28 11:24:24.589 [info] Got 0 sessions for read:user,repo,user:email,workflow...
2025-11-28 11:24:24.603 [info] Getting sessions for user:email...
2025-11-28 11:24:24.603 [info] Got 1 sessions for user:email...
2025-11-28 11:24:24.603 [info] Getting sessions for read:user,repo,user:email,workflow...
2025-11-28 11:24:24.603 [info] Got 0 sessions for read:user,repo,user:email,workflow...
2025-11-28 11:24:24.660 [info] Getting sessions for all scopes...
2025-11-28 11:24:24.660 [info] Got 1 sessions for ...
2025-11-28 11:24:24.667 [info] Getting sessions for read:user,repo,user:email,workflow...
2025-11-28 11:24:24.668 [info] Got 0 sessions for read:user,repo,user:email,workflow...
2025-11-28 11:24:24.670 [info] Getting sessions for user:email...
2025-11-28 11:24:24.670 [info] Got 1 sessions for user:email...
2025-11-28 11:24:24.987 [info] FetcherService: Node fetch failed with status: 429 Too Many Requests
2025-11-28 11:24:25.545 [info] Getting sessions for all scopes...
2025-11-28 11:24:25.545 [info] Got 1 sessions for ...
2025-11-28 11:24:25.546 [info] Getting sessions for all scopes...
2025-11-28 11:24:25.546 [info] Got 1 sessions for ...
2025-11-28 11:24:25.563 [info] Getting sessions for read:user,repo,user:email,workflow...
2025-11-28 11:24:25.563 [info] Got 0 sessions for read:user,repo,user:email,workflow...
2025-11-28 11:24:25.566 [info] Getting sessions for user:email...
2025-11-28 11:24:25.566 [info] Got 1 sessions for user:email...
2025-11-28 11:24:25.566 [info] Getting sessions for read:user,repo,user:email,workflow...
2025-11-28 11:24:25.566 [info] Got 0 sessions for read:user,repo,user:email,workflow...
2025-11-28 11:24:25.873 [info] FetcherService: Node http/s failed with status: 429 Too Many Requests
2025-11-28 11:24:26.055 [info] Getting sessions for all scopes...
2025-11-28 11:24:26.055 [info] Got 1 sessions for ...
2025-11-28 11:24:26.439 [info] Getting sessions for all scopes...
2025-11-28 11:24:26.439 [info] Got 1 sessions for ...
2025-11-28 11:24:26.439 [info] Getting sessions for all scopes...
2025-11-28 11:24:26.439 [info] Got 1 sessions for ...
2025-11-28 11:24:26.440 [info] Getting sessions for all scopes...
2025-11-28 11:24:26.440 [info] Got 1 sessions for ...
2025-11-28 11:24:26.947 [info] Getting sessions for read:user,repo,user:email,workflow...
2025-11-28 11:24:26.947 [info] Got 0 sessions for read:user,repo,user:email,workflow...
2025-11-28 11:24:26.976 [info] Getting sessions for user:email...
2025-11-28 11:24:26.976 [info] Got 1 sessions for user:email...
2025-11-28 11:24:26.977 [info] Getting sessions for read:user,repo,user:email,workflow...
2025-11-28 11:24:26.977 [info] Got 0 sessions for read:user,repo,user:email,workflow...
2025-11-28 11:24:26.985 [info] Getting sessions for all scopes...
2025-11-28 11:24:26.985 [info] Got 1 sessions for ...
2025-11-28 11:24:26.987 [info] Getting sessions for read:user,repo,user:email,workflow...
2025-11-28 11:24:26.987 [info] Got 0 sessions for read:user,repo,user:email,workflow...
2025-11-28 11:24:26.989 [info] Getting sessions for user:email...
2025-11-28 11:24:26.989 [info] Got 1 sessions for user:email...
2025-11-28 11:36:54.145 [info] Reading sessions from keychain...
2025-11-28 11:36:54.255 [info] Got stored sessions!
2025-11-28 11:36:54.255 [info] Got 1 verified sessions.
2025-11-28 11:36:54.255 [info] Getting sessions for all scopes...
2025-11-28 11:36:54.255 [info] Got 1 sessions for ...
2025-11-28 11:36:54.255 [info] Getting sessions for all scopes...
2025-11-28 11:36:54.255 [info] Got 1 sessions for ...
2025-11-28 11:36:54.255 [info] Getting sessions for all scopes...
2025-11-28 11:36:54.255 [info] Got 1 sessions for ...
2025-11-28 11:36:54.255 [info] Getting sessions for all scopes...
2025-11-28 11:36:54.255 [info] Got 1 sessions for ...
2025-11-28 11:36:54.472 [info] Getting sessions for all scopes...
2025-11-28 11:36:54.472 [info] Got 1 sessions for ...
2025-11-28 11:36:54.472 [info] Getting sessions for all scopes...
2025-11-28 11:36:54.472 [info] Got 1 sessions for ...
2025-11-28 11:36:54.473 [info] Getting sessions for all scopes...
2025-11-28 11:36:54.473 [info] Got 1 sessions for ...
2025-11-28 11:36:54.473 [info] Getting sessions for all scopes...
2025-11-28 11:36:54.473 [info] Got 1 sessions for ...
2025-11-28 11:36:54.474 [info] Getting sessions for all scopes...
2025-11-28 11:36:54.474 [info] Got 1 sessions for ...
2025-11-28 11:36:54.512 [info] Getting sessions for all scopes...
2025-11-28 11:36:54.512 [info] Got 1 sessions for ...
2025-11-28 11:36:54.599 [info] Getting sessions for all scopes...
2025-11-28 11:36:54.600 [info] Got 1 sessions for ...
2025-11-28 11:36:54.600 [info] Getting sessions for all scopes...
2025-11-28 11:36:54.600 [info] Got 1 sessions for ...
2025-11-28 11:36:54.601 [info] Getting sessions for all scopes...
2025-11-28 11:36:54.602 [info] Got 1 sessions for ...
2025-11-28 11:36:54.603 [info] Getting sessions for all scopes...
2025-11-28 11:36:54.604 [info] Got 1 sessions for ...
2025-11-28 11:36:54.605 [info] Getting sessions for all scopes...
2025-11-28 11:36:54.606 [info] Got 1 sessions for ...
2025-11-28 11:36:55.355 [info] Getting sessions for all scopes...
2025-11-28 11:36:55.355 [info] Got 1 sessions for ...
2025-11-28 11:36:55.793 [info] Getting sessions for all scopes...
2025-11-28 11:36:55.793 [info] Got 1 sessions for ...
2025-11-28 11:36:55.980 [info] FetcherService: Electron fetch failed with status: 429 
2025-11-28 11:36:56.785 [info] FetcherService: Node fetch failed with status: 429 Too Many Requests
2025-11-28 11:37:00.314 [info] Getting sessions for all scopes...
2025-11-28 11:37:00.314 [info] Got 1 sessions for ...
2025-11-28 11:37:00.315 [info] Getting sessions for all scopes...
2025-11-28 11:37:00.315 [info] Got 1 sessions for ...
2025-11-28 11:37:00.581 [info] Getting sessions for read:user,repo,user:email,workflow...
2025-11-28 11:37:00.582 [info] Got 0 sessions for read:user,repo,user:email,workflow...
2025-11-28 11:37:00.598 [info] Getting sessions for user:email...
2025-11-28 11:37:00.599 [info] Got 1 sessions for user:email...
2025-11-28 11:37:00.600 [info] Getting sessions for read:user,repo,user:email,workflow...
2025-11-28 11:37:00.600 [info] Got 0 sessions for read:user,repo,user:email,workflow...
2025-11-28 11:37:00.653 [info] Getting sessions for all scopes...
2025-11-28 11:37:00.653 [info] Got 1 sessions for ...
2025-11-28 11:37:00.656 [info] Getting sessions for read:user,repo,user:email,workflow...
2025-11-28 11:37:00.656 [info] Got 0 sessions for read:user,repo,user:email,workflow...
2025-11-28 11:37:00.661 [info] Getting sessions for user:email...
2025-11-28 11:37:00.661 [info] Got 1 sessions for user:email...
2025-11-28 11:37:00.794 [info] FetcherService: Node http/s failed with status: 429 Too Many Requests
2025-11-28 11:37:01.799 [info] Getting sessions for all scopes...
2025-11-28 11:37:01.800 [info] Got 1 sessions for ...
2025-11-28 11:37:01.815 [info] Getting sessions for all scopes...
2025-11-28 11:37:01.815 [info] Got 1 sessions for ...
2025-11-28 11:37:01.815 [info] Getting sessions for all scopes...
2025-11-28 11:37:01.815 [info] Got 1 sessions for ...
2025-11-28 11:37:01.816 [info] Getting sessions for all scopes...
2025-11-28 11:37:01.816 [info] Got 1 sessions for ...
2025-11-28 11:37:01.821 [info] Getting sessions for read:user,repo,user:email,workflow...
2025-11-28 11:37:01.821 [info] Got 0 sessions for read:user,repo,user:email,workflow...
2025-11-28 11:37:01.825 [info] Getting sessions for user:email...
2025-11-28 11:37:01.825 [info] Got 1 sessions for user:email...
2025-11-28 11:37:01.825 [info] Getting sessions for read:user,repo,user:email,workflow...
2025-11-28 11:37:01.825 [info] Got 0 sessions for read:user,repo,user:email,workflow...
2025-11-28 11:37:02.360 [info] Getting sessions for all scopes...
2025-11-28 11:37:02.360 [info] Got 1 sessions for ...
2025-11-28 11:37:02.360 [info] Getting sessions for all scopes...
2025-11-28 11:37:02.360 [info] Got 1 sessions for ...
2025-11-28 11:37:02.869 [info] Getting sessions for read:user,repo,user:email,workflow...
2025-11-28 11:37:02.869 [info] Got 0 sessions for read:user,repo,user:email,workflow...
2025-11-28 11:37:02.895 [info] Getting sessions for user:email...
2025-11-28 11:37:02.896 [info] Got 1 sessions for user:email...
2025-11-28 11:37:02.896 [info] Getting sessions for read:user,repo,user:email,workflow...
2025-11-28 11:37:02.896 [info] Got 0 sessions for read:user,repo,user:email,workflow...
2025-11-28 11:37:03.726 [info] Getting sessions for all scopes...
2025-11-28 11:37:03.726 [info] Got 1 sessions for ...
2025-11-28 11:37:03.776 [info] Getting sessions for all scopes...
2025-11-28 11:37:03.776 [info] Got 1 sessions for ...
2025-11-28 11:37:03.788 [info] Getting sessions for all scopes...
2025-11-28 11:37:03.788 [info] Got 1 sessions for ...
2025-11-28 11:37:03.849 [info] Getting sessions for all scopes...
2025-11-28 11:37:03.849 [info] Got 1 sessions for ...
2025-11-28 11:37:03.878 [info] Getting sessions for read:user,repo,user:email,workflow...
2025-11-28 11:37:03.878 [info] Got 0 sessions for read:user,repo,user:email,workflow...
2025-11-28 11:37:03.895 [info] Getting sessions for user:email...
2025-11-28 11:37:03.895 [info] Got 1 sessions for user:email...
2025-11-28 11:37:03.897 [info] Getting sessions for read:user,repo,user:email,workflow...
2025-11-28 11:37:03.897 [info] Got 0 sessions for read:user,repo,user:email,workflow...
2025-11-28 11:37:03.901 [info] Getting sessions for all scopes...
2025-11-28 11:37:03.901 [info] Got 1 sessions for ...
2025-11-28 11:37:03.903 [info] Getting sessions for read:user,repo,user:email,workflow...
2025-11-28 11:37:03.903 [info] Got 0 sessions for read:user,repo,user:email,workflow...
2025-11-28 11:37:03.905 [info] Getting sessions for user:email...
2025-11-28 11:37:03.905 [info] Got 1 sessions for user:email...
2025-11-28 11:44:18.771 [info] Getting sessions for all scopes...
2025-11-28 11:44:18.772 [info] Got 1 sessions for ...
2025-11-28 11:44:18.778 [info] Getting sessions for read:user,repo,user:email,workflow...
2025-11-28 11:44:18.778 [info] Got 0 sessions for read:user,repo,user:email,workflow...
2025-11-28 11:44:18.781 [info] Getting sessions for user:email...
2025-11-28 11:44:18.781 [info] Got 1 sessions for user:email...
