2025-11-28 10:53:50.152 [info] [getSessions] [all] starting
2025-11-28 10:53:50.152 [info] [getSessions] [all] returned 0 session(s)
2025-11-28 10:53:50.153 [info] [getSessions] [all] starting
2025-11-28 10:53:50.153 [info] [getSessions] [all] returned 0 session(s)
2025-11-28 10:53:50.154 [info] [getSessions] [all] starting
2025-11-28 10:53:50.155 [info] [getSessions] [all] returned 0 session(s)
2025-11-28 10:53:50.162 [info] [getSessions] [499b84ac-1321-427f-aa17-267ca6975798/.default offline_access] starting
2025-11-28 10:53:50.162 [info] [aebc6443-996d-45c2-90f0-388ff96faa56] Native Broker is only available on Windows and macOS
2025-11-28 10:53:50.201 [info] [getSessions] [499b84ac-1321-427f-aa17-267ca6975798/.default offline_access] returned 0 session(s)
2025-11-28 10:53:52.028 [info] [getSessions] [499b84ac-1321-427f-aa17-267ca6975798/.default offline_access] starting
2025-11-28 10:53:52.028 [info] [getSessions] [499b84ac-1321-427f-aa17-267ca6975798/.default offline_access] returned 0 session(s)
2025-11-28 10:54:28.696 [info] [aebc6443-996d-45c2-90f0-388ff96faa56] Native Broker is only available on Windows and macOS
2025-11-28 10:54:29.267 [info] [getSessions] [all] starting
2025-11-28 10:54:29.267 [info] [getSessions] [all] returned 0 session(s)
2025-11-28 10:54:29.268 [info] [getSessions] [all] starting
2025-11-28 10:54:29.268 [info] [getSessions] [all] returned 0 session(s)
2025-11-28 10:54:29.268 [info] [getSessions] [all] starting
2025-11-28 10:54:29.269 [info] [getSessions] [all] returned 0 session(s)
2025-11-28 10:54:29.517 [info] [getSessions] [499b84ac-1321-427f-aa17-267ca6975798/.default offline_access] starting
2025-11-28 10:54:29.517 [info] [aebc6443-996d-45c2-90f0-388ff96faa56] Native Broker is only available on Windows and macOS
2025-11-28 10:54:29.602 [info] [getSessions] [499b84ac-1321-427f-aa17-267ca6975798/.default offline_access] returned 0 session(s)
2025-11-28 10:54:31.608 [info] [getSessions] [499b84ac-1321-427f-aa17-267ca6975798/.default offline_access] starting
2025-11-28 10:54:31.608 [info] [getSessions] [499b84ac-1321-427f-aa17-267ca6975798/.default offline_access] returned 0 session(s)
2025-11-28 11:03:58.014 [info] [aebc6443-996d-45c2-90f0-388ff96faa56] Native Broker is only available on Windows and macOS
2025-11-28 11:03:58.245 [info] [getSessions] [all] starting
2025-11-28 11:03:58.245 [info] [getSessions] [all] returned 0 session(s)
2025-11-28 11:03:58.245 [info] [getSessions] [all] starting
2025-11-28 11:03:58.245 [info] [getSessions] [all] returned 0 session(s)
2025-11-28 11:03:58.245 [info] [getSessions] [all] starting
2025-11-28 11:03:58.245 [info] [getSessions] [all] returned 0 session(s)
2025-11-28 11:03:58.252 [info] [getSessions] [499b84ac-1321-427f-aa17-267ca6975798/.default offline_access] starting
2025-11-28 11:03:58.252 [info] [aebc6443-996d-45c2-90f0-388ff96faa56] Native Broker is only available on Windows and macOS
2025-11-28 11:03:58.312 [info] [getSessions] [499b84ac-1321-427f-aa17-267ca6975798/.default offline_access] returned 0 session(s)
2025-11-28 11:04:00.286 [info] [getSessions] [499b84ac-1321-427f-aa17-267ca6975798/.default offline_access] starting
2025-11-28 11:04:00.286 [info] [getSessions] [499b84ac-1321-427f-aa17-267ca6975798/.default offline_access] returned 0 session(s)
2025-11-28 11:24:24.609 [info] [aebc6443-996d-45c2-90f0-388ff96faa56] Native Broker is only available on Windows and macOS
2025-11-28 11:24:24.639 [info] [getSessions] [all] starting
2025-11-28 11:24:24.639 [info] [getSessions] [all] returned 0 session(s)
2025-11-28 11:24:24.639 [info] [getSessions] [all] starting
2025-11-28 11:24:24.639 [info] [getSessions] [all] returned 0 session(s)
2025-11-28 11:24:24.639 [info] [getSessions] [all] starting
2025-11-28 11:24:24.639 [info] [getSessions] [all] returned 0 session(s)
2025-11-28 11:24:24.646 [info] [getSessions] [499b84ac-1321-427f-aa17-267ca6975798/.default offline_access] starting
2025-11-28 11:24:24.646 [info] [aebc6443-996d-45c2-90f0-388ff96faa56] Native Broker is only available on Windows and macOS
2025-11-28 11:24:24.654 [info] [getSessions] [499b84ac-1321-427f-aa17-267ca6975798/.default offline_access] returned 0 session(s)
2025-11-28 11:24:25.546 [info] [getSessions] [499b84ac-1321-427f-aa17-267ca6975798/.default offline_access] starting
2025-11-28 11:24:25.546 [info] [getSessions] [499b84ac-1321-427f-aa17-267ca6975798/.default offline_access] returned 0 session(s)
2025-11-28 11:37:00.607 [info] [aebc6443-996d-45c2-90f0-388ff96faa56] Native Broker is only available on Windows and macOS
2025-11-28 11:37:00.630 [info] [getSessions] [all] starting
2025-11-28 11:37:00.630 [info] [getSessions] [all] returned 0 session(s)
2025-11-28 11:37:00.630 [info] [getSessions] [all] starting
2025-11-28 11:37:00.630 [info] [getSessions] [all] returned 0 session(s)
2025-11-28 11:37:00.631 [info] [getSessions] [all] starting
2025-11-28 11:37:00.631 [info] [getSessions] [all] returned 0 session(s)
2025-11-28 11:37:00.636 [info] [getSessions] [499b84ac-1321-427f-aa17-267ca6975798/.default offline_access] starting
2025-11-28 11:37:00.636 [info] [aebc6443-996d-45c2-90f0-388ff96faa56] Native Broker is only available on Windows and macOS
2025-11-28 11:37:00.648 [info] [getSessions] [499b84ac-1321-427f-aa17-267ca6975798/.default offline_access] returned 0 session(s)
2025-11-28 11:37:02.361 [info] [getSessions] [499b84ac-1321-427f-aa17-267ca6975798/.default offline_access] starting
2025-11-28 11:37:02.361 [info] [getSessions] [499b84ac-1321-427f-aa17-267ca6975798/.default offline_access] returned 0 session(s)
