2025-11-29 15:47:55.031 [info] Reading sessions from keychain...
2025-11-29 15:47:55.031 [info] Getting sessions for all scopes...
2025-11-29 15:47:55.031 [info] Got stored sessions!
2025-11-29 15:47:55.031 [info] Got 1 verified sessions.
2025-11-29 15:47:55.031 [info] Got 1 sessions for ...
2025-11-29 15:47:55.031 [info] Getting sessions for all scopes...
2025-11-29 15:47:55.031 [info] Got 1 sessions for ...
2025-11-29 15:47:55.031 [info] Getting sessions for all scopes...
2025-11-29 15:47:55.031 [info] Got 1 sessions for ...
2025-11-29 15:47:55.031 [info] Getting sessions for all scopes...
2025-11-29 15:47:55.031 [info] Got 1 sessions for ...
2025-11-29 15:47:55.031 [info] Getting sessions for all scopes...
2025-11-29 15:47:55.031 [info] Got 1 sessions for ...
2025-11-29 15:47:55.031 [info] Getting sessions for all scopes...
2025-11-29 15:47:55.031 [info] Got 1 sessions for ...
2025-11-29 15:47:55.031 [info] Getting sessions for all scopes...
2025-11-29 15:47:55.031 [info] Got 1 sessions for ...
2025-11-29 15:47:55.031 [info] Getting sessions for all scopes...
2025-11-29 15:47:55.031 [info] Got 1 sessions for ...
2025-11-29 15:47:55.031 [info] Getting sessions for all scopes...
2025-11-29 15:47:55.031 [info] Got 1 sessions for ...
2025-11-29 15:47:55.031 [info] Getting sessions for all scopes...
2025-11-29 15:47:55.032 [info] Got 1 sessions for ...
2025-11-29 15:47:55.032 [info] Getting sessions for all scopes...
2025-11-29 15:47:55.032 [info] Got 1 sessions for ...
2025-11-29 15:47:55.032 [info] Getting sessions for all scopes...
2025-11-29 15:47:55.032 [info] Got 1 sessions for ...
2025-11-29 15:47:55.032 [info] Getting sessions for all scopes...
2025-11-29 15:47:55.032 [info] Got 1 sessions for ...
2025-11-29 15:47:55.032 [info] Getting sessions for all scopes...
2025-11-29 15:47:55.032 [info] Got 1 sessions for ...
2025-11-29 15:47:55.032 [info] Getting sessions for all scopes...
2025-11-29 15:47:55.032 [info] Got 1 sessions for ...
2025-11-29 15:47:55.032 [info] Getting sessions for all scopes...
2025-11-29 15:47:55.032 [info] Got 1 sessions for ...
2025-11-29 15:47:55.032 [info] Getting sessions for all scopes...
2025-11-29 15:47:55.032 [info] Got 1 sessions for ...
2025-11-29 15:47:55.032 [info] Getting sessions for all scopes...
2025-11-29 15:47:55.032 [info] Got 1 sessions for ...
2025-11-29 15:47:55.032 [info] Getting sessions for all scopes...
2025-11-29 15:47:55.032 [info] Got 1 sessions for ...
2025-11-29 15:47:55.032 [info] Getting sessions for read:user,repo,user:email,workflow...
2025-11-29 15:47:55.032 [info] Got 0 sessions for read:user,repo,user:email,workflow...
2025-11-29 15:47:55.191 [info] Getting sessions for user:email...
2025-11-29 15:47:55.191 [info] Got 1 sessions for user:email...
2025-11-29 15:47:55.193 [info] Getting sessions for read:user,repo,user:email,workflow...
2025-11-29 15:47:55.194 [info] Got 0 sessions for read:user,repo,user:email,workflow...
2025-11-29 15:47:55.773 [info] FetcherService: Electron fetch failed with status: 429 
2025-11-29 15:47:55.914 [info] Getting sessions for all scopes...
2025-11-29 15:47:55.914 [info] Got 1 sessions for ...
2025-11-29 15:47:55.916 [info] Getting sessions for read:user,repo,user:email,workflow...
2025-11-29 15:47:55.916 [info] Got 0 sessions for read:user,repo,user:email,workflow...
2025-11-29 15:47:55.929 [info] Getting sessions for user:email...
2025-11-29 15:47:55.929 [info] Got 1 sessions for user:email...
2025-11-29 15:47:56.659 [info] FetcherService: Node fetch failed with status: 429 Too Many Requests
2025-11-29 15:47:56.681 [info] Getting sessions for all scopes...
2025-11-29 15:47:56.681 [info] Got 1 sessions for ...
2025-11-29 15:47:56.696 [info] Getting sessions for all scopes...
2025-11-29 15:47:56.697 [info] Got 1 sessions for ...
2025-11-29 15:47:56.697 [info] Getting sessions for all scopes...
2025-11-29 15:47:56.697 [info] Got 1 sessions for ...
2025-11-29 15:47:56.699 [info] Getting sessions for all scopes...
2025-11-29 15:47:56.699 [info] Got 1 sessions for ...
2025-11-29 15:47:56.721 [info] Getting sessions for read:user,repo,user:email,workflow...
2025-11-29 15:47:56.721 [info] Got 0 sessions for read:user,repo,user:email,workflow...
2025-11-29 15:47:56.752 [info] Getting sessions for user:email...
2025-11-29 15:47:56.753 [info] Got 1 sessions for user:email...
2025-11-29 15:47:56.785 [info] Getting sessions for read:user,repo,user:email,workflow...
2025-11-29 15:47:56.785 [info] Got 0 sessions for read:user,repo,user:email,workflow...
2025-11-29 15:47:56.933 [info] Getting sessions for all scopes...
2025-11-29 15:47:56.934 [info] Got 1 sessions for ...
2025-11-29 15:47:56.936 [info] Getting sessions for all scopes...
2025-11-29 15:47:56.937 [info] Got 1 sessions for ...
2025-11-29 15:47:56.971 [info] Getting sessions for read:user,repo,user:email,workflow...
2025-11-29 15:47:56.971 [info] Got 0 sessions for read:user,repo,user:email,workflow...
2025-11-29 15:47:56.982 [info] Getting sessions for user:email...
2025-11-29 15:47:56.982 [info] Got 1 sessions for user:email...
2025-11-29 15:47:56.982 [info] Getting sessions for read:user,repo,user:email,workflow...
2025-11-29 15:47:56.982 [info] Got 0 sessions for read:user,repo,user:email,workflow...
2025-11-29 15:47:57.903 [info] Getting sessions for all scopes...
2025-11-29 15:47:57.903 [info] Got 1 sessions for ...
2025-11-29 15:47:57.931 [info] Getting sessions for all scopes...
2025-11-29 15:47:57.931 [info] Got 1 sessions for ...
2025-11-29 15:47:57.946 [info] Getting sessions for all scopes...
2025-11-29 15:47:57.946 [info] Got 1 sessions for ...
2025-11-29 15:47:57.948 [info] Getting sessions for all scopes...
2025-11-29 15:47:57.948 [info] Got 1 sessions for ...
2025-11-29 15:47:58.362 [info] FetcherService: Node http/s failed with status: 429 Too Many Requests
2025-11-29 15:47:58.390 [info] Getting sessions for read:user,repo,user:email,workflow...
2025-11-29 15:47:58.390 [info] Got 0 sessions for read:user,repo,user:email,workflow...
2025-11-29 15:47:58.393 [info] Getting sessions for user:email...
2025-11-29 15:47:58.393 [info] Got 1 sessions for user:email...
2025-11-29 15:47:58.394 [info] Getting sessions for read:user,repo,user:email,workflow...
2025-11-29 15:47:58.394 [info] Got 0 sessions for read:user,repo,user:email,workflow...
2025-11-29 15:47:58.398 [info] Getting sessions for all scopes...
2025-11-29 15:47:58.398 [info] Got 1 sessions for ...
2025-11-29 15:47:58.401 [info] Getting sessions for read:user,repo,user:email,workflow...
2025-11-29 15:47:58.401 [info] Got 0 sessions for read:user,repo,user:email,workflow...
2025-11-29 15:47:58.404 [info] Getting sessions for user:email...
2025-11-29 15:47:58.404 [info] Got 1 sessions for user:email...
2025-11-29 15:50:20.332 [info] Reading sessions from keychain...
2025-11-29 15:50:20.332 [info] Getting sessions for all scopes...
2025-11-29 15:50:20.382 [info] Got stored sessions!
2025-11-29 15:50:20.383 [info] Got 1 verified sessions.
2025-11-29 15:50:20.384 [info] Got 1 sessions for ...
2025-11-29 15:50:20.384 [info] Getting sessions for all scopes...
2025-11-29 15:50:20.384 [info] Got 1 sessions for ...
2025-11-29 15:50:20.384 [info] Getting sessions for all scopes...
2025-11-29 15:50:20.384 [info] Got 1 sessions for ...
2025-11-29 15:50:20.385 [info] Getting sessions for all scopes...
2025-11-29 15:50:20.385 [info] Got 1 sessions for ...
2025-11-29 15:50:20.385 [info] Getting sessions for all scopes...
2025-11-29 15:50:20.385 [info] Got 1 sessions for ...
2025-11-29 15:50:20.386 [info] Getting sessions for all scopes...
2025-11-29 15:50:20.386 [info] Got 1 sessions for ...
2025-11-29 15:50:20.386 [info] Getting sessions for all scopes...
2025-11-29 15:50:20.386 [info] Got 1 sessions for ...
2025-11-29 15:50:20.394 [info] Getting sessions for all scopes...
2025-11-29 15:50:20.395 [info] Got 1 sessions for ...
2025-11-29 15:50:20.395 [info] Getting sessions for all scopes...
2025-11-29 15:50:20.395 [info] Got 1 sessions for ...
2025-11-29 15:50:20.396 [info] Getting sessions for all scopes...
2025-11-29 15:50:20.396 [info] Got 1 sessions for ...
2025-11-29 15:50:20.396 [info] Getting sessions for all scopes...
2025-11-29 15:50:20.397 [info] Got 1 sessions for ...
2025-11-29 15:50:20.398 [info] Getting sessions for all scopes...
2025-11-29 15:50:20.398 [info] Got 1 sessions for ...
2025-11-29 15:50:20.399 [info] Getting sessions for all scopes...
2025-11-29 15:50:20.399 [info] Got 1 sessions for ...
2025-11-29 15:50:22.977 [info] FetcherService: Electron fetch failed with status: 429 
2025-11-29 15:50:23.073 [info] Getting sessions for all scopes...
2025-11-29 15:50:23.073 [info] Got 1 sessions for ...
2025-11-29 15:50:23.754 [info] FetcherService: Node fetch failed with status: 429 Too Many Requests
2025-11-29 15:50:24.464 [info] FetcherService: Node http/s failed with status: 429 Too Many Requests
2025-11-29 15:50:26.421 [info] Getting sessions for all scopes...
2025-11-29 15:50:26.421 [info] Got 1 sessions for ...
2025-11-29 15:50:26.719 [info] Getting sessions for all scopes...
2025-11-29 15:50:26.719 [info] Got 1 sessions for ...
2025-11-29 16:14:11.167 [info] Getting sessions for all scopes...
2025-11-29 16:14:11.167 [info] Got 1 sessions for ...
2025-11-29 16:14:11.170 [info] Getting sessions for all scopes...
2025-11-29 16:14:11.170 [info] Got 1 sessions for ...
2025-11-29 16:14:11.622 [info] Getting sessions for read:user,repo,user:email,workflow...
2025-11-29 16:14:11.622 [info] Got 0 sessions for read:user,repo,user:email,workflow...
2025-11-29 16:14:11.685 [info] Getting sessions for user:email...
2025-11-29 16:14:11.685 [info] Got 1 sessions for user:email...
2025-11-29 16:14:11.687 [info] Getting sessions for read:user,repo,user:email,workflow...
2025-11-29 16:14:11.687 [info] Got 0 sessions for read:user,repo,user:email,workflow...
2025-11-29 16:14:11.835 [info] Getting sessions for all scopes...
2025-11-29 16:14:11.835 [info] Got 1 sessions for ...
2025-11-29 16:14:11.837 [info] Getting sessions for read:user,repo,user:email,workflow...
2025-11-29 16:14:11.837 [info] Got 0 sessions for read:user,repo,user:email,workflow...
2025-11-29 16:14:11.839 [info] Getting sessions for user:email...
2025-11-29 16:14:11.839 [info] Got 1 sessions for user:email...
2025-11-29 16:14:12.382 [info] Getting sessions for all scopes...
2025-11-29 16:14:12.382 [info] Got 1 sessions for ...
2025-11-29 16:14:12.399 [info] Getting sessions for all scopes...
2025-11-29 16:14:12.399 [info] Got 1 sessions for ...
2025-11-29 16:14:12.400 [info] Getting sessions for all scopes...
2025-11-29 16:14:12.400 [info] Got 1 sessions for ...
2025-11-29 16:14:12.400 [info] Getting sessions for all scopes...
2025-11-29 16:14:12.400 [info] Got 1 sessions for ...
2025-11-29 16:14:12.425 [info] Getting sessions for read:user,repo,user:email,workflow...
2025-11-29 16:14:12.425 [info] Got 0 sessions for read:user,repo,user:email,workflow...
2025-11-29 16:14:12.428 [info] Getting sessions for user:email...
2025-11-29 16:14:12.428 [info] Got 1 sessions for user:email...
2025-11-29 16:14:12.428 [info] Getting sessions for read:user,repo,user:email,workflow...
2025-11-29 16:14:12.429 [info] Got 0 sessions for read:user,repo,user:email,workflow...
2025-11-29 16:14:13.630 [info] Getting sessions for all scopes...
2025-11-29 16:14:13.630 [info] Got 1 sessions for ...
2025-11-29 16:14:13.631 [info] Getting sessions for all scopes...
2025-11-29 16:14:13.632 [info] Got 1 sessions for ...
2025-11-29 16:14:13.659 [info] Getting sessions for read:user,repo,user:email,workflow...
2025-11-29 16:14:13.659 [info] Got 0 sessions for read:user,repo,user:email,workflow...
2025-11-29 16:14:13.667 [info] Getting sessions for user:email...
2025-11-29 16:14:13.667 [info] Got 1 sessions for user:email...
2025-11-29 16:14:13.669 [info] Getting sessions for read:user,repo,user:email,workflow...
2025-11-29 16:14:13.669 [info] Got 0 sessions for read:user,repo,user:email,workflow...
2025-11-29 16:14:14.051 [info] Getting sessions for all scopes...
2025-11-29 16:14:14.051 [info] Got 1 sessions for ...
2025-11-29 16:14:14.097 [info] Getting sessions for all scopes...
2025-11-29 16:14:14.097 [info] Got 1 sessions for ...
2025-11-29 16:14:14.099 [info] Getting sessions for all scopes...
2025-11-29 16:14:14.099 [info] Got 1 sessions for ...
2025-11-29 16:14:14.103 [info] Getting sessions for all scopes...
2025-11-29 16:14:14.103 [info] Got 1 sessions for ...
2025-11-29 16:14:14.116 [info] Getting sessions for read:user,repo,user:email,workflow...
2025-11-29 16:14:14.116 [info] Got 0 sessions for read:user,repo,user:email,workflow...
2025-11-29 16:14:14.120 [info] Getting sessions for user:email...
2025-11-29 16:14:14.120 [info] Got 1 sessions for user:email...
2025-11-29 16:14:14.120 [info] Getting sessions for read:user,repo,user:email,workflow...
2025-11-29 16:14:14.120 [info] Got 0 sessions for read:user,repo,user:email,workflow...
2025-11-29 16:14:48.091 [info] Getting sessions for all scopes...
2025-11-29 16:14:48.091 [info] Got 1 sessions for ...
2025-11-29 16:14:48.097 [info] Getting sessions for read:user,repo,user:email,workflow...
2025-11-29 16:14:48.097 [info] Got 0 sessions for read:user,repo,user:email,workflow...
2025-11-29 16:14:48.103 [info] Getting sessions for read:user,repo,user:email,workflow...
2025-11-29 16:14:48.104 [info] Got 0 sessions for read:user,repo,user:email,workflow...
2025-11-29 16:14:48.110 [info] Getting sessions for all scopes...
2025-11-29 16:14:48.110 [info] Got 1 sessions for ...
2025-11-29 16:14:48.114 [info] Getting sessions for read:user,repo,user:email,workflow...
2025-11-29 16:14:48.114 [info] Got 0 sessions for read:user,repo,user:email,workflow...
2025-11-29 16:14:48.119 [info] Getting sessions for user:email...
2025-11-29 16:14:48.119 [info] Got 1 sessions for user:email...
2025-11-29 17:03:33.561 [info] Getting sessions for all scopes...
2025-11-29 17:03:33.562 [info] Got 1 sessions for ...
2025-11-29 17:03:33.611 [info] Getting sessions for read:user,repo,user:email,workflow...
2025-11-29 17:03:33.611 [info] Got 0 sessions for read:user,repo,user:email,workflow...
2025-11-29 17:03:33.617 [info] Getting sessions for user:email...
2025-11-29 17:03:33.617 [info] Got 1 sessions for user:email...
2025-11-29 17:03:34.818 [info] Getting sessions for all scopes...
2025-11-29 17:03:34.819 [info] Got 1 sessions for ...
2025-11-29 17:03:34.819 [info] Getting sessions for all scopes...
2025-11-29 17:03:34.820 [info] Got 1 sessions for ...
2025-11-29 17:03:34.834 [info] Getting sessions for read:user,repo,user:email,workflow...
2025-11-29 17:03:34.834 [info] Got 0 sessions for read:user,repo,user:email,workflow...
2025-11-29 17:03:34.838 [info] Getting sessions for user:email...
2025-11-29 17:03:34.839 [info] Got 1 sessions for user:email...
2025-11-29 17:03:34.841 [info] Getting sessions for read:user,repo,user:email,workflow...
2025-11-29 17:03:34.841 [info] Got 0 sessions for read:user,repo,user:email,workflow...
2025-11-29 17:03:34.915 [info] Getting sessions for all scopes...
2025-11-29 17:03:34.915 [info] Got 1 sessions for ...
2025-11-29 17:03:34.921 [info] Getting sessions for read:user,repo,user:email,workflow...
2025-11-29 17:03:34.921 [info] Got 0 sessions for read:user,repo,user:email,workflow...
2025-11-29 17:03:34.934 [info] Getting sessions for read:user,repo,user:email,workflow...
2025-11-29 17:03:34.934 [info] Got 0 sessions for read:user,repo,user:email,workflow...
2025-11-29 17:03:34.937 [info] Getting sessions for all scopes...
2025-11-29 17:03:34.937 [info] Got 1 sessions for ...
2025-11-29 17:03:34.952 [info] Getting sessions for read:user,repo,user:email,workflow...
2025-11-29 17:03:34.952 [info] Got 0 sessions for read:user,repo,user:email,workflow...
2025-11-29 17:03:34.956 [info] Getting sessions for user:email...
2025-11-29 17:03:34.956 [info] Got 1 sessions for user:email...
2025-11-29 17:05:10.446 [info] Getting sessions for read:user,repo,user:email,workflow...
2025-11-29 17:05:10.446 [info] Got 0 sessions for read:user,repo,user:email,workflow...
